<?xml version="1.0" encoding="UTF-8"?>
<!-- Generated by org.testng.reporters.JUnitReportReporter -->
<testsuite hostname="DESKTOP-VBPJHK5" failures="0" tests="2" name="com.testcases.Logintest" time="18.587" errors="0" timestamp="2023-09-13T16:01:38 IST" skipped="0">
  <testcase classname="com.testcases.Logintest" name="verifylogin" time="7.328"/>
  <testcase classname="com.testcases.Logintest" name="verifyurl" time="11.259"/>
</testsuite> <!-- com.testcases.Logintest -->
